<?xml version="1.0" encoding="UTF-8"?>
<!-- Generated by org.testng.reporters.JUnitReportReporter -->
<testsuite skipped="0" hostname="LIM-5MQQ7Y2" name="test1.LoginTest1" tests="1" failures="0" timestamp="2020-07-28T19:24:07 COT" time="29.259" errors="0">
  <testcase name="login" time="29.259" classname="test1.LoginTest1"/>
  <system-out/>
</testsuite> <!-- test1.LoginTest1 -->
